Started GET "/team" for ::1 at 2023-05-08 19:14:47 +0200
  
ActionController::RoutingError (No route matches [GET] "/team"):
  
Started GET "/team" for ::1 at 2023-05-08 19:15:39 +0200
  
ActionController::RoutingError (uninitialized constant WelcomeController):
  
Started GET "/team" for ::1 at 2023-05-08 19:16:07 +0200
  
ArgumentError ('voici la team' is not a supported controller name. This can lead to potential routing problems. See https://guides.rubyonrails.org/routing.html#specifying-a-controller-to-use):
  
config/routes.rb:4:in `block in <main>'
config/routes.rb:1:in `<main>'
Started GET "/team" for ::1 at 2023-05-08 19:17:10 +0200
  
ArgumentError ('la team' is not a supported controller name. This can lead to potential routing problems. See https://guides.rubyonrails.org/routing.html#specifying-a-controller-to-use):
  
config/routes.rb:4:in `block in <main>'
config/routes.rb:1:in `<main>'
Started GET "/team" for ::1 at 2023-05-08 19:19:30 +0200
  
ArgumentError ('la team' is not a supported controller name. This can lead to potential routing problems. See https://guides.rubyonrails.org/routing.html#specifying-a-controller-to-use):
  
config/routes.rb:4:in `block in <main>'
config/routes.rb:1:in `<main>'
Started GET "/team" for ::1 at 2023-05-08 19:22:06 +0200
  
SyntaxError (/Users/elzo667/Desktop/projet/myapp/app/controllers/team_controller.rb:3: syntax error, unexpected '=', expecting '.' or ::
        @team_members = [
                      ^
/Users/elzo667/Desktop/projet/myapp/app/controllers/team_controller.rb:10: syntax error, unexpected `end', expecting end-of-input):
  
app/controllers/team_controller.rb:3: syntax error, unexpected '=', expecting '.' or ::
app/controllers/team_controller.rb:10: syntax error, unexpected `end', expecting end-of-input
app/controllers/team_controller.rb:3: syntax error, unexpected '=', expecting '.' or ::
app/controllers/team_controller.rb:10: syntax error, unexpected `end', expecting end-of-input
app/controllers/team_controller.rb:3: syntax error, unexpected '=', expecting '.' or ::
app/controllers/team_controller.rb:10: syntax error, unexpected `end', expecting end-of-input
Started GET "/team" for ::1 at 2023-05-08 19:24:14 +0200
  
SyntaxError (/Users/elzo667/Desktop/projet/myapp/app/controllers/team_controller.rb:3: syntax error, unexpected '=', expecting '.' or ::
        @team_members = [
                      ^
/Users/elzo667/Desktop/projet/myapp/app/controllers/team_controller.rb:5: syntax error, unexpected {, expecting ']'
          { name: 'sakura haruno'}
          ^
/Users/elzo667/Desktop/projet/myapp/app/controllers/team_controller.rb:7: syntax error, unexpected ']', expecting `end'
        ]
        ^
):
  
app/controllers/team_controller.rb:3: syntax error, unexpected '=', expecting '.' or ::
app/controllers/team_controller.rb:5: syntax error, unexpected {, expecting ']'
app/controllers/team_controller.rb:7: syntax error, unexpected ']', expecting `end'
app/controllers/team_controller.rb:3: syntax error, unexpected '=', expecting '.' or ::
app/controllers/team_controller.rb:5: syntax error, unexpected {, expecting ']'
app/controllers/team_controller.rb:7: syntax error, unexpected ']', expecting `end'
app/controllers/team_controller.rb:3: syntax error, unexpected '=', expecting '.' or ::
app/controllers/team_controller.rb:5: syntax error, unexpected {, expecting ']'
app/controllers/team_controller.rb:7: syntax error, unexpected ']', expecting `end'
Started GET "/team" for ::1 at 2023-05-08 19:24:28 +0200
  
SyntaxError (/Users/elzo667/Desktop/projet/myapp/app/controllers/team_controller.rb:3: syntax error, unexpected '=', expecting '.' or ::
        @team_members = [
                      ^
/Users/elzo667/Desktop/projet/myapp/app/controllers/team_controller.rb:5: syntax error, unexpected {, expecting ']'
          { name: 'sakura haruno'}
          ^
/Users/elzo667/Desktop/projet/myapp/app/controllers/team_controller.rb:7: syntax error, unexpected ']', expecting `end'
        ]
        ^
):
  
app/controllers/team_controller.rb:3: syntax error, unexpected '=', expecting '.' or ::
app/controllers/team_controller.rb:5: syntax error, unexpected {, expecting ']'
app/controllers/team_controller.rb:7: syntax error, unexpected ']', expecting `end'
app/controllers/team_controller.rb:3: syntax error, unexpected '=', expecting '.' or ::
app/controllers/team_controller.rb:5: syntax error, unexpected {, expecting ']'
app/controllers/team_controller.rb:7: syntax error, unexpected ']', expecting `end'
app/controllers/team_controller.rb:3: syntax error, unexpected '=', expecting '.' or ::
app/controllers/team_controller.rb:5: syntax error, unexpected {, expecting ']'
app/controllers/team_controller.rb:7: syntax error, unexpected ']', expecting `end'
Started GET "/team" for ::1 at 2023-05-08 19:25:03 +0200
  
SyntaxError (/Users/elzo667/Desktop/projet/myapp/app/controllers/team_controller.rb:5: syntax error, unexpected {, expecting ']'
          { name: 'sakura haruno'}
          ^
/Users/elzo667/Desktop/projet/myapp/app/controllers/team_controller.rb:7: syntax error, unexpected ']', expecting `end'
        ]
        ^
):
  
app/controllers/team_controller.rb:5: syntax error, unexpected {, expecting ']'
app/controllers/team_controller.rb:7: syntax error, unexpected ']', expecting `end'
app/controllers/team_controller.rb:5: syntax error, unexpected {, expecting ']'
app/controllers/team_controller.rb:7: syntax error, unexpected ']', expecting `end'
app/controllers/team_controller.rb:5: syntax error, unexpected {, expecting ']'
app/controllers/team_controller.rb:7: syntax error, unexpected ']', expecting `end'
Started GET "/team" for ::1 at 2023-05-08 19:25:14 +0200
  
SyntaxError (/Users/elzo667/Desktop/projet/myapp/app/controllers/team_controller.rb:5: syntax error, unexpected {, expecting ']'
          { name: 'sakura haruno'}
          ^
/Users/elzo667/Desktop/projet/myapp/app/controllers/team_controller.rb:7: syntax error, unexpected ']', expecting `end'
        ]
        ^
):
  
app/controllers/team_controller.rb:5: syntax error, unexpected {, expecting ']'
app/controllers/team_controller.rb:7: syntax error, unexpected ']', expecting `end'
app/controllers/team_controller.rb:5: syntax error, unexpected {, expecting ']'
app/controllers/team_controller.rb:7: syntax error, unexpected ']', expecting `end'
app/controllers/team_controller.rb:5: syntax error, unexpected {, expecting ']'
app/controllers/team_controller.rb:7: syntax error, unexpected ']', expecting `end'
Started GET "/team" for ::1 at 2023-05-08 19:30:50 +0200
  
SyntaxError (/Users/elzo667/Desktop/projet/myapp/app/controllers/team_controller.rb:4: syntax error, unexpected ':', expecting =>
            name : "sasuke uchiwa"
                 ^
/Users/elzo667/Desktop/projet/myapp/app/controllers/team_controller.rb:5: syntax error, unexpected ':', expecting `end'
            name : "sakura haruno"
                 ^
/Users/elzo667/Desktop/projet/myapp/app/controllers/team_controller.rb:6: syntax error, unexpected ':', expecting `end'
            name : "naruto uzumaki"
                 ^
/Users/elzo667/Desktop/projet/myapp/app/controllers/team_controller.rb:7: syntax error, unexpected '}', expecting `end'
        }
        ^
):
  
app/controllers/team_controller.rb:4: syntax error, unexpected ':', expecting =>
app/controllers/team_controller.rb:5: syntax error, unexpected ':', expecting `end'
app/controllers/team_controller.rb:6: syntax error, unexpected ':', expecting `end'
app/controllers/team_controller.rb:7: syntax error, unexpected '}', expecting `end'
app/controllers/team_controller.rb:4: syntax error, unexpected ':', expecting =>
app/controllers/team_controller.rb:5: syntax error, unexpected ':', expecting `end'
app/controllers/team_controller.rb:6: syntax error, unexpected ':', expecting `end'
app/controllers/team_controller.rb:7: syntax error, unexpected '}', expecting `end'
app/controllers/team_controller.rb:4: syntax error, unexpected ':', expecting =>
app/controllers/team_controller.rb:5: syntax error, unexpected ':', expecting `end'
app/controllers/team_controller.rb:6: syntax error, unexpected ':', expecting `end'
app/controllers/team_controller.rb:7: syntax error, unexpected '}', expecting `end'
Started GET "/team" for ::1 at 2023-05-08 19:31:33 +0200
  
SyntaxError (/Users/elzo667/Desktop/projet/myapp/app/controllers/team_controller.rb:4: syntax error, unexpected ':', expecting =>
            {name : "sasuke uchiwa"}
                  ^
/Users/elzo667/Desktop/projet/myapp/app/controllers/team_controller.rb:4: syntax error, unexpected '}', expecting `end'
...       {name : "sasuke uchiwa"}
...                              ^
/Users/elzo667/Desktop/projet/myapp/app/controllers/team_controller.rb:5: syntax error, unexpected '}', expecting `end'
...       {name : "sakura haruno"}
...                              ^
/Users/elzo667/Desktop/projet/myapp/app/controllers/team_controller.rb:6: syntax error, unexpected '}', expecting `end'
...      {name : "naruto uzumaki"}
...                              ^
):
  
app/controllers/team_controller.rb:4: syntax error, unexpected ':', expecting =>
app/controllers/team_controller.rb:4: syntax error, unexpected '}', expecting `end'
app/controllers/team_controller.rb:5: syntax error, unexpected '}', expecting `end'
app/controllers/team_controller.rb:6: syntax error, unexpected '}', expecting `end'
app/controllers/team_controller.rb:4: syntax error, unexpected ':', expecting =>
app/controllers/team_controller.rb:4: syntax error, unexpected '}', expecting `end'
app/controllers/team_controller.rb:5: syntax error, unexpected '}', expecting `end'
app/controllers/team_controller.rb:6: syntax error, unexpected '}', expecting `end'
app/controllers/team_controller.rb:4: syntax error, unexpected ':', expecting =>
app/controllers/team_controller.rb:4: syntax error, unexpected '}', expecting `end'
app/controllers/team_controller.rb:5: syntax error, unexpected '}', expecting `end'
app/controllers/team_controller.rb:6: syntax error, unexpected '}', expecting `end'
Started GET "/team" for ::1 at 2023-05-08 19:48:13 +0200
  
SyntaxError (/Users/elzo667/Desktop/projet/myapp/app/controllers/team_controller.rb:4: syntax error, unexpected ':', expecting =>
            {name : "sasuke uchiwa"},
                  ^
/Users/elzo667/Desktop/projet/myapp/app/controllers/team_controller.rb:4: syntax error, unexpected '}', expecting `end'
...       {name : "sasuke uchiwa"},
...                              ^
/Users/elzo667/Desktop/projet/myapp/app/controllers/team_controller.rb:5: syntax error, unexpected '}', expecting `end'
...       {name : "sakura haruno"},
...                              ^
/Users/elzo667/Desktop/projet/myapp/app/controllers/team_controller.rb:6: syntax error, unexpected '}', expecting `end'
...      {name : "naruto uzumaki"}
...                              ^
):
  
app/controllers/team_controller.rb:4: syntax error, unexpected ':', expecting =>
app/controllers/team_controller.rb:4: syntax error, unexpected '}', expecting `end'
app/controllers/team_controller.rb:5: syntax error, unexpected '}', expecting `end'
app/controllers/team_controller.rb:6: syntax error, unexpected '}', expecting `end'
app/controllers/team_controller.rb:4: syntax error, unexpected ':', expecting =>
app/controllers/team_controller.rb:4: syntax error, unexpected '}', expecting `end'
app/controllers/team_controller.rb:5: syntax error, unexpected '}', expecting `end'
app/controllers/team_controller.rb:6: syntax error, unexpected '}', expecting `end'
app/controllers/team_controller.rb:4: syntax error, unexpected ':', expecting =>
app/controllers/team_controller.rb:4: syntax error, unexpected '}', expecting `end'
app/controllers/team_controller.rb:5: syntax error, unexpected '}', expecting `end'
app/controllers/team_controller.rb:6: syntax error, unexpected '}', expecting `end'
Started GET "/team" for ::1 at 2023-05-08 19:49:20 +0200
  
SyntaxError (/Users/elzo667/Desktop/projet/myapp/app/controllers/team_controller.rb:4: syntax error, unexpected ':', expecting =>
            {name : "sasuke uchiwa"},
                  ^
/Users/elzo667/Desktop/projet/myapp/app/controllers/team_controller.rb:4: syntax error, unexpected '}', expecting `end'
...       {name : "sasuke uchiwa"},
...                              ^
/Users/elzo667/Desktop/projet/myapp/app/controllers/team_controller.rb:5: syntax error, unexpected '}', expecting `end'
...       {name : "sakura haruno"},
...                              ^
/Users/elzo667/Desktop/projet/myapp/app/controllers/team_controller.rb:6: syntax error, unexpected '}', expecting `end'
...      {name : "naruto uzumaki"}
...                              ^
):
  
app/controllers/team_controller.rb:4: syntax error, unexpected ':', expecting =>
app/controllers/team_controller.rb:4: syntax error, unexpected '}', expecting `end'
app/controllers/team_controller.rb:5: syntax error, unexpected '}', expecting `end'
app/controllers/team_controller.rb:6: syntax error, unexpected '}', expecting `end'
app/controllers/team_controller.rb:4: syntax error, unexpected ':', expecting =>
app/controllers/team_controller.rb:4: syntax error, unexpected '}', expecting `end'
app/controllers/team_controller.rb:5: syntax error, unexpected '}', expecting `end'
app/controllers/team_controller.rb:6: syntax error, unexpected '}', expecting `end'
app/controllers/team_controller.rb:4: syntax error, unexpected ':', expecting =>
app/controllers/team_controller.rb:4: syntax error, unexpected '}', expecting `end'
app/controllers/team_controller.rb:5: syntax error, unexpected '}', expecting `end'
app/controllers/team_controller.rb:6: syntax error, unexpected '}', expecting `end'
Started GET "/home" for ::1 at 2023-05-08 19:49:22 +0200
  
ActionController::RoutingError (No route matches [GET] "/home"):
  
Started GET "/team" for ::1 at 2023-05-08 19:49:55 +0200
  
SyntaxError (/Users/elzo667/Desktop/projet/myapp/app/controllers/team_controller.rb:4: syntax error, unexpected ':', expecting =>
            {name : "sasuke uchiwa"},
                  ^
/Users/elzo667/Desktop/projet/myapp/app/controllers/team_controller.rb:4: syntax error, unexpected '}', expecting `end'
...       {name : "sasuke uchiwa"},
...                              ^
/Users/elzo667/Desktop/projet/myapp/app/controllers/team_controller.rb:5: syntax error, unexpected '}', expecting `end'
...       {name : "sakura haruno"},
...                              ^
/Users/elzo667/Desktop/projet/myapp/app/controllers/team_controller.rb:6: syntax error, unexpected '}', expecting `end'
...      {name : "naruto uzumaki"}
...                              ^
):
  
app/controllers/team_controller.rb:4: syntax error, unexpected ':', expecting =>
app/controllers/team_controller.rb:4: syntax error, unexpected '}', expecting `end'
app/controllers/team_controller.rb:5: syntax error, unexpected '}', expecting `end'
app/controllers/team_controller.rb:6: syntax error, unexpected '}', expecting `end'
app/controllers/team_controller.rb:4: syntax error, unexpected ':', expecting =>
app/controllers/team_controller.rb:4: syntax error, unexpected '}', expecting `end'
app/controllers/team_controller.rb:5: syntax error, unexpected '}', expecting `end'
app/controllers/team_controller.rb:6: syntax error, unexpected '}', expecting `end'
app/controllers/team_controller.rb:4: syntax error, unexpected ':', expecting =>
app/controllers/team_controller.rb:4: syntax error, unexpected '}', expecting `end'
app/controllers/team_controller.rb:5: syntax error, unexpected '}', expecting `end'
app/controllers/team_controller.rb:6: syntax error, unexpected '}', expecting `end'
Started GET "/show" for ::1 at 2023-05-08 19:49:57 +0200
  
ActionController::RoutingError (No route matches [GET] "/show"):
  
Started GET "/show" for ::1 at 2023-05-08 19:52:59 +0200
  
ActionController::RoutingError (No route matches [GET] "/show"):
  
Started GET "/show" for ::1 at 2023-05-08 19:53:03 +0200
  
ActionController::RoutingError (No route matches [GET] "/show"):
  
Started GET "/rails/info/routes?path=s" for ::1 at 2023-05-08 19:53:05 +0200
Processing by Rails::InfoController#routes as */*
  Parameters: {"path"=>"s"}
Completed 200 OK in 15ms (Views: 2.0ms | Allocations: 5614)


Started GET "/rails/info/routes?path=s" for ::1 at 2023-05-08 19:53:07 +0200
Processing by Rails::InfoController#routes as */*
  Parameters: {"path"=>"s"}
Completed 200 OK in 2ms (Views: 0.5ms | Allocations: 1444)


Started GET "/rails/info/routes?path=sho" for ::1 at 2023-05-08 19:53:10 +0200
Processing by Rails::InfoController#routes as */*
  Parameters: {"path"=>"sho"}
Completed 200 OK in 1ms (Views: 0.3ms | Allocations: 694)


Started GET "/rails/info/routes?path=shoz" for ::1 at 2023-05-08 19:53:10 +0200
Processing by Rails::InfoController#routes as */*
  Parameters: {"path"=>"shoz"}
Completed 200 OK in 1ms (Views: 0.2ms | Allocations: 693)


Started GET "/rails/info/routes?path=shox" for ::1 at 2023-05-08 19:53:11 +0200
Processing by Rails::InfoController#routes as */*
  Parameters: {"path"=>"shox"}
Completed 200 OK in 1ms (Views: 0.2ms | Allocations: 694)


Started GET "/rails/info/routes?path=sh" for ::1 at 2023-05-08 19:53:12 +0200
Processing by Rails::InfoController#routes as */*
  Parameters: {"path"=>"sh"}
Completed 200 OK in 1ms (Views: 0.2ms | Allocations: 706)


Started GET "/rails/info/routes?path=sh" for ::1 at 2023-05-08 19:53:12 +0200
Processing by Rails::InfoController#routes as */*
  Parameters: {"path"=>"sh"}
Completed 200 OK in 1ms (Views: 0.2ms | Allocations: 704)


Started GET "/rails/info/routes?path=show" for ::1 at 2023-05-08 19:53:13 +0200
Processing by Rails::InfoController#routes as */*
  Parameters: {"path"=>"show"}
Completed 200 OK in 1ms (Views: 0.2ms | Allocations: 692)


Started GET "/rails/info/routes?path=messa" for ::1 at 2023-05-08 19:53:16 +0200
Processing by Rails::InfoController#routes as */*
  Parameters: {"path"=>"messa"}
Completed 200 OK in 1ms (Views: 0.2ms | Allocations: 708)


Started GET "/show" for ::1 at 2023-05-08 19:54:23 +0200
  
ActionController::RoutingError (No route matches [GET] "/show"):
  
Started GET "/team" for ::1 at 2023-05-08 19:54:44 +0200
  
SyntaxError (/Users/elzo667/Desktop/projet/myapp/app/controllers/team_controller.rb:4: syntax error, unexpected ':', expecting =>
            {name : "sasuke uchiwa"},
                  ^
/Users/elzo667/Desktop/projet/myapp/app/controllers/team_controller.rb:4: syntax error, unexpected '}', expecting `end'
...       {name : "sasuke uchiwa"},
...                              ^
/Users/elzo667/Desktop/projet/myapp/app/controllers/team_controller.rb:5: syntax error, unexpected '}', expecting `end'
...       {name : "sakura haruno"},
...                              ^
/Users/elzo667/Desktop/projet/myapp/app/controllers/team_controller.rb:6: syntax error, unexpected '}', expecting `end'
...      {name : "naruto uzumaki"}
...                              ^
):
  
app/controllers/team_controller.rb:4: syntax error, unexpected ':', expecting =>
app/controllers/team_controller.rb:4: syntax error, unexpected '}', expecting `end'
app/controllers/team_controller.rb:5: syntax error, unexpected '}', expecting `end'
app/controllers/team_controller.rb:6: syntax error, unexpected '}', expecting `end'
app/controllers/team_controller.rb:4: syntax error, unexpected ':', expecting =>
app/controllers/team_controller.rb:4: syntax error, unexpected '}', expecting `end'
app/controllers/team_controller.rb:5: syntax error, unexpected '}', expecting `end'
app/controllers/team_controller.rb:6: syntax error, unexpected '}', expecting `end'
app/controllers/team_controller.rb:4: syntax error, unexpected ':', expecting =>
app/controllers/team_controller.rb:4: syntax error, unexpected '}', expecting `end'
app/controllers/team_controller.rb:5: syntax error, unexpected '}', expecting `end'
app/controllers/team_controller.rb:6: syntax error, unexpected '}', expecting `end'
Started GET "/team" for ::1 at 2023-05-08 19:54:53 +0200
  
SyntaxError (/Users/elzo667/Desktop/projet/myapp/app/controllers/team_controller.rb:4: syntax error, unexpected ':', expecting =>
            {name : "sasuke uchiwa"},
                  ^
/Users/elzo667/Desktop/projet/myapp/app/controllers/team_controller.rb:4: syntax error, unexpected '}', expecting `end'
...       {name : "sasuke uchiwa"},
...                              ^
/Users/elzo667/Desktop/projet/myapp/app/controllers/team_controller.rb:5: syntax error, unexpected '}', expecting `end'
...       {name : "sakura haruno"},
...                              ^
/Users/elzo667/Desktop/projet/myapp/app/controllers/team_controller.rb:6: syntax error, unexpected '}', expecting `end'
...      {name : "naruto uzumaki"}
...                              ^
):
  
app/controllers/team_controller.rb:4: syntax error, unexpected ':', expecting =>
app/controllers/team_controller.rb:4: syntax error, unexpected '}', expecting `end'
app/controllers/team_controller.rb:5: syntax error, unexpected '}', expecting `end'
app/controllers/team_controller.rb:6: syntax error, unexpected '}', expecting `end'
app/controllers/team_controller.rb:4: syntax error, unexpected ':', expecting =>
app/controllers/team_controller.rb:4: syntax error, unexpected '}', expecting `end'
app/controllers/team_controller.rb:5: syntax error, unexpected '}', expecting `end'
app/controllers/team_controller.rb:6: syntax error, unexpected '}', expecting `end'
app/controllers/team_controller.rb:4: syntax error, unexpected ':', expecting =>
app/controllers/team_controller.rb:4: syntax error, unexpected '}', expecting `end'
app/controllers/team_controller.rb:5: syntax error, unexpected '}', expecting `end'
app/controllers/team_controller.rb:6: syntax error, unexpected '}', expecting `end'
Started GET "/home" for ::1 at 2023-05-08 19:54:56 +0200
  
ActionController::RoutingError (No route matches [GET] "/home"):
  
Started GET "/home" for ::1 at 2023-05-08 19:55:28 +0200
  
ActionController::RoutingError (No route matches [GET] "/home"):
  
Started GET "/team" for ::1 at 2023-05-08 19:55:37 +0200
  
SyntaxError (/Users/elzo667/Desktop/projet/myapp/app/controllers/team_controller.rb:4: syntax error, unexpected ':', expecting =>
            {name : "sasuke uchiwa"},
                  ^
/Users/elzo667/Desktop/projet/myapp/app/controllers/team_controller.rb:4: syntax error, unexpected '}', expecting `end'
...       {name : "sasuke uchiwa"},
...                              ^
/Users/elzo667/Desktop/projet/myapp/app/controllers/team_controller.rb:5: syntax error, unexpected '}', expecting `end'
...       {name : "sakura haruno"},
...                              ^
/Users/elzo667/Desktop/projet/myapp/app/controllers/team_controller.rb:6: syntax error, unexpected '}', expecting `end'
...      {name : "naruto uzumaki"}
...                              ^
):
  
app/controllers/team_controller.rb:4: syntax error, unexpected ':', expecting =>
app/controllers/team_controller.rb:4: syntax error, unexpected '}', expecting `end'
app/controllers/team_controller.rb:5: syntax error, unexpected '}', expecting `end'
app/controllers/team_controller.rb:6: syntax error, unexpected '}', expecting `end'
app/controllers/team_controller.rb:4: syntax error, unexpected ':', expecting =>
app/controllers/team_controller.rb:4: syntax error, unexpected '}', expecting `end'
app/controllers/team_controller.rb:5: syntax error, unexpected '}', expecting `end'
app/controllers/team_controller.rb:6: syntax error, unexpected '}', expecting `end'
app/controllers/team_controller.rb:4: syntax error, unexpected ':', expecting =>
app/controllers/team_controller.rb:4: syntax error, unexpected '}', expecting `end'
app/controllers/team_controller.rb:5: syntax error, unexpected '}', expecting `end'
app/controllers/team_controller.rb:6: syntax error, unexpected '}', expecting `end'
Started GET "/show" for ::1 at 2023-05-08 19:55:39 +0200
  
ActionController::RoutingError (No route matches [GET] "/show"):
  
Started GET "/show" for ::1 at 2023-05-08 19:55:58 +0200
  
ActionController::RoutingError (No route matches [GET] "/show"):
  
Started GET "/team" for ::1 at 2023-05-08 20:16:59 +0200
  
SyntaxError (/Users/elzo667/Desktop/projet/myapp/app/controllers/team_controller.rb:4: syntax error, unexpected ':', expecting =>
            {name : "sasuke uchiwa"},
                  ^
/Users/elzo667/Desktop/projet/myapp/app/controllers/team_controller.rb:4: syntax error, unexpected '}', expecting `end'
...       {name : "sasuke uchiwa"},
...                              ^
/Users/elzo667/Desktop/projet/myapp/app/controllers/team_controller.rb:5: syntax error, unexpected '}', expecting `end'
...       {name : "sakura haruno"},
...                              ^
/Users/elzo667/Desktop/projet/myapp/app/controllers/team_controller.rb:6: syntax error, unexpected '}', expecting `end'
...      {name : "naruto uzumaki"}
...                              ^
):
  
app/controllers/team_controller.rb:4: syntax error, unexpected ':', expecting =>
app/controllers/team_controller.rb:4: syntax error, unexpected '}', expecting `end'
app/controllers/team_controller.rb:5: syntax error, unexpected '}', expecting `end'
app/controllers/team_controller.rb:6: syntax error, unexpected '}', expecting `end'
app/controllers/team_controller.rb:4: syntax error, unexpected ':', expecting =>
app/controllers/team_controller.rb:4: syntax error, unexpected '}', expecting `end'
app/controllers/team_controller.rb:5: syntax error, unexpected '}', expecting `end'
app/controllers/team_controller.rb:6: syntax error, unexpected '}', expecting `end'
app/controllers/team_controller.rb:4: syntax error, unexpected ':', expecting =>
app/controllers/team_controller.rb:4: syntax error, unexpected '}', expecting `end'
app/controllers/team_controller.rb:5: syntax error, unexpected '}', expecting `end'
app/controllers/team_controller.rb:6: syntax error, unexpected '}', expecting `end'
Started GET "/team" for ::1 at 2023-05-08 20:19:54 +0200
  
SyntaxError (/Users/elzo667/Desktop/projet/myapp/app/controllers/team_controller.rb:4: syntax error, unexpected ':', expecting =>
            {name : "sasuke uchiwa"},
                  ^
/Users/elzo667/Desktop/projet/myapp/app/controllers/team_controller.rb:4: syntax error, unexpected '}', expecting `end'
...       {name : "sasuke uchiwa"},
...                              ^
/Users/elzo667/Desktop/projet/myapp/app/controllers/team_controller.rb:5: syntax error, unexpected '}', expecting `end'
...       {name : "sakura haruno"},
...                              ^
/Users/elzo667/Desktop/projet/myapp/app/controllers/team_controller.rb:6: syntax error, unexpected '}', expecting `end'
...      {name : "naruto uzumaki"}
...                              ^
):
  
app/controllers/team_controller.rb:4: syntax error, unexpected ':', expecting =>
app/controllers/team_controller.rb:4: syntax error, unexpected '}', expecting `end'
app/controllers/team_controller.rb:5: syntax error, unexpected '}', expecting `end'
app/controllers/team_controller.rb:6: syntax error, unexpected '}', expecting `end'
app/controllers/team_controller.rb:4: syntax error, unexpected ':', expecting =>
app/controllers/team_controller.rb:4: syntax error, unexpected '}', expecting `end'
app/controllers/team_controller.rb:5: syntax error, unexpected '}', expecting `end'
app/controllers/team_controller.rb:6: syntax error, unexpected '}', expecting `end'
app/controllers/team_controller.rb:4: syntax error, unexpected ':', expecting =>
app/controllers/team_controller.rb:4: syntax error, unexpected '}', expecting `end'
app/controllers/team_controller.rb:5: syntax error, unexpected '}', expecting `end'
app/controllers/team_controller.rb:6: syntax error, unexpected '}', expecting `end'
Started GET "/team" for ::1 at 2023-05-08 20:19:58 +0200
  
SyntaxError (/Users/elzo667/Desktop/projet/myapp/app/controllers/team_controller.rb:4: syntax error, unexpected ':', expecting =>
            {name : "sasuke uchiwa"},
                  ^
/Users/elzo667/Desktop/projet/myapp/app/controllers/team_controller.rb:4: syntax error, unexpected '}', expecting `end'
...       {name : "sasuke uchiwa"},
...                              ^
/Users/elzo667/Desktop/projet/myapp/app/controllers/team_controller.rb:5: syntax error, unexpected '}', expecting `end'
...       {name : "sakura haruno"},
...                              ^
/Users/elzo667/Desktop/projet/myapp/app/controllers/team_controller.rb:6: syntax error, unexpected '}', expecting `end'
...      {name : "naruto uzumaki"}
...                              ^
):
  
app/controllers/team_controller.rb:4: syntax error, unexpected ':', expecting =>
app/controllers/team_controller.rb:4: syntax error, unexpected '}', expecting `end'
app/controllers/team_controller.rb:5: syntax error, unexpected '}', expecting `end'
app/controllers/team_controller.rb:6: syntax error, unexpected '}', expecting `end'
app/controllers/team_controller.rb:4: syntax error, unexpected ':', expecting =>
app/controllers/team_controller.rb:4: syntax error, unexpected '}', expecting `end'
app/controllers/team_controller.rb:5: syntax error, unexpected '}', expecting `end'
app/controllers/team_controller.rb:6: syntax error, unexpected '}', expecting `end'
app/controllers/team_controller.rb:4: syntax error, unexpected ':', expecting =>
app/controllers/team_controller.rb:4: syntax error, unexpected '}', expecting `end'
app/controllers/team_controller.rb:5: syntax error, unexpected '}', expecting `end'
app/controllers/team_controller.rb:6: syntax error, unexpected '}', expecting `end'
Started GET "/team" for ::1 at 2023-05-08 20:20:48 +0200
  
SyntaxError (/Users/elzo667/Desktop/projet/myapp/app/controllers/team_controller.rb:10: syntax error, unexpected `end', expecting end-of-input):
  
app/controllers/team_controller.rb:10: syntax error, unexpected `end', expecting end-of-input
app/controllers/team_controller.rb:10: syntax error, unexpected `end', expecting end-of-input
app/controllers/team_controller.rb:10: syntax error, unexpected `end', expecting end-of-input
Started GET "/team" for ::1 at 2023-05-08 20:20:58 +0200
  
AbstractController::ActionNotFound (The action 'team' could not be found for TeamController):
  
actionpack (7.0.4.3) lib/abstract_controller/base.rb:146:in `process'
actionview (7.0.4.3) lib/action_view/rendering.rb:39:in `process'
actionpack (7.0.4.3) lib/action_controller/metal.rb:188:in `dispatch'
actionpack (7.0.4.3) lib/action_controller/metal.rb:251:in `dispatch'
actionpack (7.0.4.3) lib/action_dispatch/routing/route_set.rb:49:in `dispatch'
actionpack (7.0.4.3) lib/action_dispatch/routing/route_set.rb:32:in `serve'
actionpack (7.0.4.3) lib/action_dispatch/journey/router.rb:50:in `block in serve'
actionpack (7.0.4.3) lib/action_dispatch/journey/router.rb:32:in `each'
actionpack (7.0.4.3) lib/action_dispatch/journey/router.rb:32:in `serve'
actionpack (7.0.4.3) lib/action_dispatch/routing/route_set.rb:852:in `call'
rack (2.2.7) lib/rack/tempfile_reaper.rb:15:in `call'
rack (2.2.7) lib/rack/etag.rb:27:in `call'
rack (2.2.7) lib/rack/conditional_get.rb:27:in `call'
rack (2.2.7) lib/rack/head.rb:12:in `call'
actionpack (7.0.4.3) lib/action_dispatch/http/permissions_policy.rb:38:in `call'
actionpack (7.0.4.3) lib/action_dispatch/http/content_security_policy.rb:36:in `call'
rack (2.2.7) lib/rack/session/abstract/id.rb:266:in `context'
rack (2.2.7) lib/rack/session/abstract/id.rb:260:in `call'
actionpack (7.0.4.3) lib/action_dispatch/middleware/cookies.rb:704:in `call'
activerecord (7.0.4.3) lib/active_record/migration.rb:603:in `call'
actionpack (7.0.4.3) lib/action_dispatch/middleware/callbacks.rb:27:in `block in call'
activesupport (7.0.4.3) lib/active_support/callbacks.rb:99:in `run_callbacks'
actionpack (7.0.4.3) lib/action_dispatch/middleware/callbacks.rb:26:in `call'
actionpack (7.0.4.3) lib/action_dispatch/middleware/executor.rb:14:in `call'
actionpack (7.0.4.3) lib/action_dispatch/middleware/actionable_exceptions.rb:17:in `call'
actionpack (7.0.4.3) lib/action_dispatch/middleware/debug_exceptions.rb:28:in `call'
web-console (4.2.0) lib/web_console/middleware.rb:132:in `call_app'
web-console (4.2.0) lib/web_console/middleware.rb:28:in `block in call'
web-console (4.2.0) lib/web_console/middleware.rb:17:in `catch'
web-console (4.2.0) lib/web_console/middleware.rb:17:in `call'
actionpack (7.0.4.3) lib/action_dispatch/middleware/show_exceptions.rb:26:in `call'
railties (7.0.4.3) lib/rails/rack/logger.rb:40:in `call_app'
railties (7.0.4.3) lib/rails/rack/logger.rb:25:in `block in call'
activesupport (7.0.4.3) lib/active_support/tagged_logging.rb:99:in `block in tagged'
activesupport (7.0.4.3) lib/active_support/tagged_logging.rb:37:in `tagged'
activesupport (7.0.4.3) lib/active_support/tagged_logging.rb:99:in `tagged'
railties (7.0.4.3) lib/rails/rack/logger.rb:25:in `call'
sprockets-rails (3.4.2) lib/sprockets/rails/quiet_assets.rb:13:in `call'
actionpack (7.0.4.3) lib/action_dispatch/middleware/remote_ip.rb:93:in `call'
actionpack (7.0.4.3) lib/action_dispatch/middleware/request_id.rb:26:in `call'
rack (2.2.7) lib/rack/method_override.rb:24:in `call'
rack (2.2.7) lib/rack/runtime.rb:22:in `call'
activesupport (7.0.4.3) lib/active_support/cache/strategy/local_cache_middleware.rb:29:in `call'
actionpack (7.0.4.3) lib/action_dispatch/middleware/server_timing.rb:61:in `block in call'
actionpack (7.0.4.3) lib/action_dispatch/middleware/server_timing.rb:26:in `collect_events'
actionpack (7.0.4.3) lib/action_dispatch/middleware/server_timing.rb:60:in `call'
actionpack (7.0.4.3) lib/action_dispatch/middleware/executor.rb:14:in `call'
actionpack (7.0.4.3) lib/action_dispatch/middleware/static.rb:23:in `call'
rack (2.2.7) lib/rack/sendfile.rb:110:in `call'
actionpack (7.0.4.3) lib/action_dispatch/middleware/host_authorization.rb:137:in `call'
railties (7.0.4.3) lib/rails/engine.rb:530:in `call'
puma (5.6.5) lib/puma/configuration.rb:252:in `call'
puma (5.6.5) lib/puma/request.rb:77:in `block in handle_request'
puma (5.6.5) lib/puma/thread_pool.rb:340:in `with_force_shutdown'
puma (5.6.5) lib/puma/request.rb:76:in `handle_request'
puma (5.6.5) lib/puma/server.rb:443:in `process_client'
puma (5.6.5) lib/puma/thread_pool.rb:147:in `block in spawn_thread'
Started GET "/team" for ::1 at 2023-05-08 20:25:49 +0200
  
AbstractController::ActionNotFound (The action 'team' could not be found for TeamController):
  
actionpack (7.0.4.3) lib/abstract_controller/base.rb:146:in `process'
actionview (7.0.4.3) lib/action_view/rendering.rb:39:in `process'
actionpack (7.0.4.3) lib/action_controller/metal.rb:188:in `dispatch'
actionpack (7.0.4.3) lib/action_controller/metal.rb:251:in `dispatch'
actionpack (7.0.4.3) lib/action_dispatch/routing/route_set.rb:49:in `dispatch'
actionpack (7.0.4.3) lib/action_dispatch/routing/route_set.rb:32:in `serve'
actionpack (7.0.4.3) lib/action_dispatch/journey/router.rb:50:in `block in serve'
actionpack (7.0.4.3) lib/action_dispatch/journey/router.rb:32:in `each'
actionpack (7.0.4.3) lib/action_dispatch/journey/router.rb:32:in `serve'
actionpack (7.0.4.3) lib/action_dispatch/routing/route_set.rb:852:in `call'
rack (2.2.7) lib/rack/tempfile_reaper.rb:15:in `call'
rack (2.2.7) lib/rack/etag.rb:27:in `call'
rack (2.2.7) lib/rack/conditional_get.rb:27:in `call'
rack (2.2.7) lib/rack/head.rb:12:in `call'
actionpack (7.0.4.3) lib/action_dispatch/http/permissions_policy.rb:38:in `call'
actionpack (7.0.4.3) lib/action_dispatch/http/content_security_policy.rb:36:in `call'
rack (2.2.7) lib/rack/session/abstract/id.rb:266:in `context'
rack (2.2.7) lib/rack/session/abstract/id.rb:260:in `call'
actionpack (7.0.4.3) lib/action_dispatch/middleware/cookies.rb:704:in `call'
activerecord (7.0.4.3) lib/active_record/migration.rb:603:in `call'
actionpack (7.0.4.3) lib/action_dispatch/middleware/callbacks.rb:27:in `block in call'
activesupport (7.0.4.3) lib/active_support/callbacks.rb:99:in `run_callbacks'
actionpack (7.0.4.3) lib/action_dispatch/middleware/callbacks.rb:26:in `call'
actionpack (7.0.4.3) lib/action_dispatch/middleware/executor.rb:14:in `call'
actionpack (7.0.4.3) lib/action_dispatch/middleware/actionable_exceptions.rb:17:in `call'
actionpack (7.0.4.3) lib/action_dispatch/middleware/debug_exceptions.rb:28:in `call'
web-console (4.2.0) lib/web_console/middleware.rb:132:in `call_app'
web-console (4.2.0) lib/web_console/middleware.rb:28:in `block in call'
web-console (4.2.0) lib/web_console/middleware.rb:17:in `catch'
web-console (4.2.0) lib/web_console/middleware.rb:17:in `call'
actionpack (7.0.4.3) lib/action_dispatch/middleware/show_exceptions.rb:26:in `call'
railties (7.0.4.3) lib/rails/rack/logger.rb:40:in `call_app'
railties (7.0.4.3) lib/rails/rack/logger.rb:25:in `block in call'
activesupport (7.0.4.3) lib/active_support/tagged_logging.rb:99:in `block in tagged'
activesupport (7.0.4.3) lib/active_support/tagged_logging.rb:37:in `tagged'
activesupport (7.0.4.3) lib/active_support/tagged_logging.rb:99:in `tagged'
railties (7.0.4.3) lib/rails/rack/logger.rb:25:in `call'
sprockets-rails (3.4.2) lib/sprockets/rails/quiet_assets.rb:13:in `call'
actionpack (7.0.4.3) lib/action_dispatch/middleware/remote_ip.rb:93:in `call'
actionpack (7.0.4.3) lib/action_dispatch/middleware/request_id.rb:26:in `call'
rack (2.2.7) lib/rack/method_override.rb:24:in `call'
rack (2.2.7) lib/rack/runtime.rb:22:in `call'
activesupport (7.0.4.3) lib/active_support/cache/strategy/local_cache_middleware.rb:29:in `call'
actionpack (7.0.4.3) lib/action_dispatch/middleware/server_timing.rb:61:in `block in call'
actionpack (7.0.4.3) lib/action_dispatch/middleware/server_timing.rb:26:in `collect_events'
actionpack (7.0.4.3) lib/action_dispatch/middleware/server_timing.rb:60:in `call'
actionpack (7.0.4.3) lib/action_dispatch/middleware/executor.rb:14:in `call'
actionpack (7.0.4.3) lib/action_dispatch/middleware/static.rb:23:in `call'
rack (2.2.7) lib/rack/sendfile.rb:110:in `call'
actionpack (7.0.4.3) lib/action_dispatch/middleware/host_authorization.rb:137:in `call'
railties (7.0.4.3) lib/rails/engine.rb:530:in `call'
puma (5.6.5) lib/puma/configuration.rb:252:in `call'
puma (5.6.5) lib/puma/request.rb:77:in `block in handle_request'
puma (5.6.5) lib/puma/thread_pool.rb:340:in `with_force_shutdown'
puma (5.6.5) lib/puma/request.rb:76:in `handle_request'
puma (5.6.5) lib/puma/server.rb:443:in `process_client'
puma (5.6.5) lib/puma/thread_pool.rb:147:in `block in spawn_thread'
Started GET "/team" for ::1 at 2023-05-08 20:27:08 +0200
  
AbstractController::ActionNotFound (The action 'team' could not be found for TeamController):
  
actionpack (7.0.4.3) lib/abstract_controller/base.rb:146:in `process'
actionview (7.0.4.3) lib/action_view/rendering.rb:39:in `process'
actionpack (7.0.4.3) lib/action_controller/metal.rb:188:in `dispatch'
actionpack (7.0.4.3) lib/action_controller/metal.rb:251:in `dispatch'
actionpack (7.0.4.3) lib/action_dispatch/routing/route_set.rb:49:in `dispatch'
actionpack (7.0.4.3) lib/action_dispatch/routing/route_set.rb:32:in `serve'
actionpack (7.0.4.3) lib/action_dispatch/journey/router.rb:50:in `block in serve'
actionpack (7.0.4.3) lib/action_dispatch/journey/router.rb:32:in `each'
actionpack (7.0.4.3) lib/action_dispatch/journey/router.rb:32:in `serve'
actionpack (7.0.4.3) lib/action_dispatch/routing/route_set.rb:852:in `call'
rack (2.2.7) lib/rack/tempfile_reaper.rb:15:in `call'
rack (2.2.7) lib/rack/etag.rb:27:in `call'
rack (2.2.7) lib/rack/conditional_get.rb:27:in `call'
rack (2.2.7) lib/rack/head.rb:12:in `call'
actionpack (7.0.4.3) lib/action_dispatch/http/permissions_policy.rb:38:in `call'
actionpack (7.0.4.3) lib/action_dispatch/http/content_security_policy.rb:36:in `call'
rack (2.2.7) lib/rack/session/abstract/id.rb:266:in `context'
rack (2.2.7) lib/rack/session/abstract/id.rb:260:in `call'
actionpack (7.0.4.3) lib/action_dispatch/middleware/cookies.rb:704:in `call'
activerecord (7.0.4.3) lib/active_record/migration.rb:603:in `call'
actionpack (7.0.4.3) lib/action_dispatch/middleware/callbacks.rb:27:in `block in call'
activesupport (7.0.4.3) lib/active_support/callbacks.rb:99:in `run_callbacks'
actionpack (7.0.4.3) lib/action_dispatch/middleware/callbacks.rb:26:in `call'
actionpack (7.0.4.3) lib/action_dispatch/middleware/executor.rb:14:in `call'
actionpack (7.0.4.3) lib/action_dispatch/middleware/actionable_exceptions.rb:17:in `call'
actionpack (7.0.4.3) lib/action_dispatch/middleware/debug_exceptions.rb:28:in `call'
web-console (4.2.0) lib/web_console/middleware.rb:132:in `call_app'
web-console (4.2.0) lib/web_console/middleware.rb:28:in `block in call'
web-console (4.2.0) lib/web_console/middleware.rb:17:in `catch'
web-console (4.2.0) lib/web_console/middleware.rb:17:in `call'
actionpack (7.0.4.3) lib/action_dispatch/middleware/show_exceptions.rb:26:in `call'
railties (7.0.4.3) lib/rails/rack/logger.rb:40:in `call_app'
railties (7.0.4.3) lib/rails/rack/logger.rb:25:in `block in call'
activesupport (7.0.4.3) lib/active_support/tagged_logging.rb:99:in `block in tagged'
activesupport (7.0.4.3) lib/active_support/tagged_logging.rb:37:in `tagged'
activesupport (7.0.4.3) lib/active_support/tagged_logging.rb:99:in `tagged'
railties (7.0.4.3) lib/rails/rack/logger.rb:25:in `call'
sprockets-rails (3.4.2) lib/sprockets/rails/quiet_assets.rb:13:in `call'
actionpack (7.0.4.3) lib/action_dispatch/middleware/remote_ip.rb:93:in `call'
actionpack (7.0.4.3) lib/action_dispatch/middleware/request_id.rb:26:in `call'
rack (2.2.7) lib/rack/method_override.rb:24:in `call'
rack (2.2.7) lib/rack/runtime.rb:22:in `call'
activesupport (7.0.4.3) lib/active_support/cache/strategy/local_cache_middleware.rb:29:in `call'
actionpack (7.0.4.3) lib/action_dispatch/middleware/server_timing.rb:61:in `block in call'
actionpack (7.0.4.3) lib/action_dispatch/middleware/server_timing.rb:26:in `collect_events'
actionpack (7.0.4.3) lib/action_dispatch/middleware/server_timing.rb:60:in `call'
actionpack (7.0.4.3) lib/action_dispatch/middleware/executor.rb:14:in `call'
actionpack (7.0.4.3) lib/action_dispatch/middleware/static.rb:23:in `call'
rack (2.2.7) lib/rack/sendfile.rb:110:in `call'
actionpack (7.0.4.3) lib/action_dispatch/middleware/host_authorization.rb:137:in `call'
railties (7.0.4.3) lib/rails/engine.rb:530:in `call'
puma (5.6.5) lib/puma/configuration.rb:252:in `call'
puma (5.6.5) lib/puma/request.rb:77:in `block in handle_request'
puma (5.6.5) lib/puma/thread_pool.rb:340:in `with_force_shutdown'
puma (5.6.5) lib/puma/request.rb:76:in `handle_request'
puma (5.6.5) lib/puma/server.rb:443:in `process_client'
puma (5.6.5) lib/puma/thread_pool.rb:147:in `block in spawn_thread'
Started GET "/team" for ::1 at 2023-05-08 20:27:31 +0200
  
AbstractController::ActionNotFound (The action 'team' could not be found for TeamController):
  
actionpack (7.0.4.3) lib/abstract_controller/base.rb:146:in `process'
actionview (7.0.4.3) lib/action_view/rendering.rb:39:in `process'
actionpack (7.0.4.3) lib/action_controller/metal.rb:188:in `dispatch'
actionpack (7.0.4.3) lib/action_controller/metal.rb:251:in `dispatch'
actionpack (7.0.4.3) lib/action_dispatch/routing/route_set.rb:49:in `dispatch'
actionpack (7.0.4.3) lib/action_dispatch/routing/route_set.rb:32:in `serve'
actionpack (7.0.4.3) lib/action_dispatch/journey/router.rb:50:in `block in serve'
actionpack (7.0.4.3) lib/action_dispatch/journey/router.rb:32:in `each'
actionpack (7.0.4.3) lib/action_dispatch/journey/router.rb:32:in `serve'
actionpack (7.0.4.3) lib/action_dispatch/routing/route_set.rb:852:in `call'
rack (2.2.7) lib/rack/tempfile_reaper.rb:15:in `call'
rack (2.2.7) lib/rack/etag.rb:27:in `call'
rack (2.2.7) lib/rack/conditional_get.rb:27:in `call'
rack (2.2.7) lib/rack/head.rb:12:in `call'
actionpack (7.0.4.3) lib/action_dispatch/http/permissions_policy.rb:38:in `call'
actionpack (7.0.4.3) lib/action_dispatch/http/content_security_policy.rb:36:in `call'
rack (2.2.7) lib/rack/session/abstract/id.rb:266:in `context'
rack (2.2.7) lib/rack/session/abstract/id.rb:260:in `call'
actionpack (7.0.4.3) lib/action_dispatch/middleware/cookies.rb:704:in `call'
activerecord (7.0.4.3) lib/active_record/migration.rb:603:in `call'
actionpack (7.0.4.3) lib/action_dispatch/middleware/callbacks.rb:27:in `block in call'
activesupport (7.0.4.3) lib/active_support/callbacks.rb:99:in `run_callbacks'
actionpack (7.0.4.3) lib/action_dispatch/middleware/callbacks.rb:26:in `call'
actionpack (7.0.4.3) lib/action_dispatch/middleware/executor.rb:14:in `call'
actionpack (7.0.4.3) lib/action_dispatch/middleware/actionable_exceptions.rb:17:in `call'
actionpack (7.0.4.3) lib/action_dispatch/middleware/debug_exceptions.rb:28:in `call'
web-console (4.2.0) lib/web_console/middleware.rb:132:in `call_app'
web-console (4.2.0) lib/web_console/middleware.rb:28:in `block in call'
web-console (4.2.0) lib/web_console/middleware.rb:17:in `catch'
web-console (4.2.0) lib/web_console/middleware.rb:17:in `call'
actionpack (7.0.4.3) lib/action_dispatch/middleware/show_exceptions.rb:26:in `call'
railties (7.0.4.3) lib/rails/rack/logger.rb:40:in `call_app'
railties (7.0.4.3) lib/rails/rack/logger.rb:25:in `block in call'
activesupport (7.0.4.3) lib/active_support/tagged_logging.rb:99:in `block in tagged'
activesupport (7.0.4.3) lib/active_support/tagged_logging.rb:37:in `tagged'
activesupport (7.0.4.3) lib/active_support/tagged_logging.rb:99:in `tagged'
railties (7.0.4.3) lib/rails/rack/logger.rb:25:in `call'
sprockets-rails (3.4.2) lib/sprockets/rails/quiet_assets.rb:13:in `call'
actionpack (7.0.4.3) lib/action_dispatch/middleware/remote_ip.rb:93:in `call'
actionpack (7.0.4.3) lib/action_dispatch/middleware/request_id.rb:26:in `call'
rack (2.2.7) lib/rack/method_override.rb:24:in `call'
rack (2.2.7) lib/rack/runtime.rb:22:in `call'
activesupport (7.0.4.3) lib/active_support/cache/strategy/local_cache_middleware.rb:29:in `call'
actionpack (7.0.4.3) lib/action_dispatch/middleware/server_timing.rb:61:in `block in call'
actionpack (7.0.4.3) lib/action_dispatch/middleware/server_timing.rb:26:in `collect_events'
actionpack (7.0.4.3) lib/action_dispatch/middleware/server_timing.rb:60:in `call'
actionpack (7.0.4.3) lib/action_dispatch/middleware/executor.rb:14:in `call'
actionpack (7.0.4.3) lib/action_dispatch/middleware/static.rb:23:in `call'
rack (2.2.7) lib/rack/sendfile.rb:110:in `call'
actionpack (7.0.4.3) lib/action_dispatch/middleware/host_authorization.rb:137:in `call'
railties (7.0.4.3) lib/rails/engine.rb:530:in `call'
puma (5.6.5) lib/puma/configuration.rb:252:in `call'
puma (5.6.5) lib/puma/request.rb:77:in `block in handle_request'
puma (5.6.5) lib/puma/thread_pool.rb:340:in `with_force_shutdown'
puma (5.6.5) lib/puma/request.rb:76:in `handle_request'
puma (5.6.5) lib/puma/server.rb:443:in `process_client'
puma (5.6.5) lib/puma/thread_pool.rb:147:in `block in spawn_thread'
Started GET "/team" for ::1 at 2023-05-08 20:27:50 +0200
  
AbstractController::ActionNotFound (The action 'team' could not be found for TeamController):
  
actionpack (7.0.4.3) lib/abstract_controller/base.rb:146:in `process'
actionview (7.0.4.3) lib/action_view/rendering.rb:39:in `process'
actionpack (7.0.4.3) lib/action_controller/metal.rb:188:in `dispatch'
actionpack (7.0.4.3) lib/action_controller/metal.rb:251:in `dispatch'
actionpack (7.0.4.3) lib/action_dispatch/routing/route_set.rb:49:in `dispatch'
actionpack (7.0.4.3) lib/action_dispatch/routing/route_set.rb:32:in `serve'
actionpack (7.0.4.3) lib/action_dispatch/journey/router.rb:50:in `block in serve'
actionpack (7.0.4.3) lib/action_dispatch/journey/router.rb:32:in `each'
actionpack (7.0.4.3) lib/action_dispatch/journey/router.rb:32:in `serve'
actionpack (7.0.4.3) lib/action_dispatch/routing/route_set.rb:852:in `call'
rack (2.2.7) lib/rack/tempfile_reaper.rb:15:in `call'
rack (2.2.7) lib/rack/etag.rb:27:in `call'
rack (2.2.7) lib/rack/conditional_get.rb:27:in `call'
rack (2.2.7) lib/rack/head.rb:12:in `call'
actionpack (7.0.4.3) lib/action_dispatch/http/permissions_policy.rb:38:in `call'
actionpack (7.0.4.3) lib/action_dispatch/http/content_security_policy.rb:36:in `call'
rack (2.2.7) lib/rack/session/abstract/id.rb:266:in `context'
rack (2.2.7) lib/rack/session/abstract/id.rb:260:in `call'
actionpack (7.0.4.3) lib/action_dispatch/middleware/cookies.rb:704:in `call'
activerecord (7.0.4.3) lib/active_record/migration.rb:603:in `call'
actionpack (7.0.4.3) lib/action_dispatch/middleware/callbacks.rb:27:in `block in call'
activesupport (7.0.4.3) lib/active_support/callbacks.rb:99:in `run_callbacks'
actionpack (7.0.4.3) lib/action_dispatch/middleware/callbacks.rb:26:in `call'
actionpack (7.0.4.3) lib/action_dispatch/middleware/executor.rb:14:in `call'
actionpack (7.0.4.3) lib/action_dispatch/middleware/actionable_exceptions.rb:17:in `call'
actionpack (7.0.4.3) lib/action_dispatch/middleware/debug_exceptions.rb:28:in `call'
web-console (4.2.0) lib/web_console/middleware.rb:132:in `call_app'
web-console (4.2.0) lib/web_console/middleware.rb:28:in `block in call'
web-console (4.2.0) lib/web_console/middleware.rb:17:in `catch'
web-console (4.2.0) lib/web_console/middleware.rb:17:in `call'
actionpack (7.0.4.3) lib/action_dispatch/middleware/show_exceptions.rb:26:in `call'
railties (7.0.4.3) lib/rails/rack/logger.rb:40:in `call_app'
railties (7.0.4.3) lib/rails/rack/logger.rb:25:in `block in call'
activesupport (7.0.4.3) lib/active_support/tagged_logging.rb:99:in `block in tagged'
activesupport (7.0.4.3) lib/active_support/tagged_logging.rb:37:in `tagged'
activesupport (7.0.4.3) lib/active_support/tagged_logging.rb:99:in `tagged'
railties (7.0.4.3) lib/rails/rack/logger.rb:25:in `call'
sprockets-rails (3.4.2) lib/sprockets/rails/quiet_assets.rb:13:in `call'
actionpack (7.0.4.3) lib/action_dispatch/middleware/remote_ip.rb:93:in `call'
actionpack (7.0.4.3) lib/action_dispatch/middleware/request_id.rb:26:in `call'
rack (2.2.7) lib/rack/method_override.rb:24:in `call'
rack (2.2.7) lib/rack/runtime.rb:22:in `call'
activesupport (7.0.4.3) lib/active_support/cache/strategy/local_cache_middleware.rb:29:in `call'
actionpack (7.0.4.3) lib/action_dispatch/middleware/server_timing.rb:61:in `block in call'
actionpack (7.0.4.3) lib/action_dispatch/middleware/server_timing.rb:26:in `collect_events'
actionpack (7.0.4.3) lib/action_dispatch/middleware/server_timing.rb:60:in `call'
actionpack (7.0.4.3) lib/action_dispatch/middleware/executor.rb:14:in `call'
actionpack (7.0.4.3) lib/action_dispatch/middleware/static.rb:23:in `call'
rack (2.2.7) lib/rack/sendfile.rb:110:in `call'
actionpack (7.0.4.3) lib/action_dispatch/middleware/host_authorization.rb:137:in `call'
railties (7.0.4.3) lib/rails/engine.rb:530:in `call'
puma (5.6.5) lib/puma/configuration.rb:252:in `call'
puma (5.6.5) lib/puma/request.rb:77:in `block in handle_request'
puma (5.6.5) lib/puma/thread_pool.rb:340:in `with_force_shutdown'
puma (5.6.5) lib/puma/request.rb:76:in `handle_request'
puma (5.6.5) lib/puma/server.rb:443:in `process_client'
puma (5.6.5) lib/puma/thread_pool.rb:147:in `block in spawn_thread'
Started GET "/team" for ::1 at 2023-05-08 20:27:51 +0200
  
AbstractController::ActionNotFound (The action 'team' could not be found for TeamController):
  
actionpack (7.0.4.3) lib/abstract_controller/base.rb:146:in `process'
actionview (7.0.4.3) lib/action_view/rendering.rb:39:in `process'
actionpack (7.0.4.3) lib/action_controller/metal.rb:188:in `dispatch'
actionpack (7.0.4.3) lib/action_controller/metal.rb:251:in `dispatch'
actionpack (7.0.4.3) lib/action_dispatch/routing/route_set.rb:49:in `dispatch'
actionpack (7.0.4.3) lib/action_dispatch/routing/route_set.rb:32:in `serve'
actionpack (7.0.4.3) lib/action_dispatch/journey/router.rb:50:in `block in serve'
actionpack (7.0.4.3) lib/action_dispatch/journey/router.rb:32:in `each'
actionpack (7.0.4.3) lib/action_dispatch/journey/router.rb:32:in `serve'
actionpack (7.0.4.3) lib/action_dispatch/routing/route_set.rb:852:in `call'
rack (2.2.7) lib/rack/tempfile_reaper.rb:15:in `call'
rack (2.2.7) lib/rack/etag.rb:27:in `call'
rack (2.2.7) lib/rack/conditional_get.rb:27:in `call'
rack (2.2.7) lib/rack/head.rb:12:in `call'
actionpack (7.0.4.3) lib/action_dispatch/http/permissions_policy.rb:38:in `call'
actionpack (7.0.4.3) lib/action_dispatch/http/content_security_policy.rb:36:in `call'
rack (2.2.7) lib/rack/session/abstract/id.rb:266:in `context'
rack (2.2.7) lib/rack/session/abstract/id.rb:260:in `call'
actionpack (7.0.4.3) lib/action_dispatch/middleware/cookies.rb:704:in `call'
activerecord (7.0.4.3) lib/active_record/migration.rb:603:in `call'
actionpack (7.0.4.3) lib/action_dispatch/middleware/callbacks.rb:27:in `block in call'
activesupport (7.0.4.3) lib/active_support/callbacks.rb:99:in `run_callbacks'
actionpack (7.0.4.3) lib/action_dispatch/middleware/callbacks.rb:26:in `call'
actionpack (7.0.4.3) lib/action_dispatch/middleware/executor.rb:14:in `call'
actionpack (7.0.4.3) lib/action_dispatch/middleware/actionable_exceptions.rb:17:in `call'
actionpack (7.0.4.3) lib/action_dispatch/middleware/debug_exceptions.rb:28:in `call'
web-console (4.2.0) lib/web_console/middleware.rb:132:in `call_app'
web-console (4.2.0) lib/web_console/middleware.rb:28:in `block in call'
web-console (4.2.0) lib/web_console/middleware.rb:17:in `catch'
web-console (4.2.0) lib/web_console/middleware.rb:17:in `call'
actionpack (7.0.4.3) lib/action_dispatch/middleware/show_exceptions.rb:26:in `call'
railties (7.0.4.3) lib/rails/rack/logger.rb:40:in `call_app'
railties (7.0.4.3) lib/rails/rack/logger.rb:25:in `block in call'
activesupport (7.0.4.3) lib/active_support/tagged_logging.rb:99:in `block in tagged'
activesupport (7.0.4.3) lib/active_support/tagged_logging.rb:37:in `tagged'
activesupport (7.0.4.3) lib/active_support/tagged_logging.rb:99:in `tagged'
railties (7.0.4.3) lib/rails/rack/logger.rb:25:in `call'
sprockets-rails (3.4.2) lib/sprockets/rails/quiet_assets.rb:13:in `call'
actionpack (7.0.4.3) lib/action_dispatch/middleware/remote_ip.rb:93:in `call'
actionpack (7.0.4.3) lib/action_dispatch/middleware/request_id.rb:26:in `call'
rack (2.2.7) lib/rack/method_override.rb:24:in `call'
rack (2.2.7) lib/rack/runtime.rb:22:in `call'
activesupport (7.0.4.3) lib/active_support/cache/strategy/local_cache_middleware.rb:29:in `call'
actionpack (7.0.4.3) lib/action_dispatch/middleware/server_timing.rb:61:in `block in call'
actionpack (7.0.4.3) lib/action_dispatch/middleware/server_timing.rb:26:in `collect_events'
actionpack (7.0.4.3) lib/action_dispatch/middleware/server_timing.rb:60:in `call'
actionpack (7.0.4.3) lib/action_dispatch/middleware/executor.rb:14:in `call'
actionpack (7.0.4.3) lib/action_dispatch/middleware/static.rb:23:in `call'
rack (2.2.7) lib/rack/sendfile.rb:110:in `call'
actionpack (7.0.4.3) lib/action_dispatch/middleware/host_authorization.rb:137:in `call'
railties (7.0.4.3) lib/rails/engine.rb:530:in `call'
puma (5.6.5) lib/puma/configuration.rb:252:in `call'
puma (5.6.5) lib/puma/request.rb:77:in `block in handle_request'
puma (5.6.5) lib/puma/thread_pool.rb:340:in `with_force_shutdown'
puma (5.6.5) lib/puma/request.rb:76:in `handle_request'
puma (5.6.5) lib/puma/server.rb:443:in `process_client'
puma (5.6.5) lib/puma/thread_pool.rb:147:in `block in spawn_thread'
Started GET "/team" for ::1 at 2023-05-08 20:28:02 +0200
  
AbstractController::ActionNotFound (The action 'team' could not be found for TeamController):
  
actionpack (7.0.4.3) lib/abstract_controller/base.rb:146:in `process'
actionview (7.0.4.3) lib/action_view/rendering.rb:39:in `process'
actionpack (7.0.4.3) lib/action_controller/metal.rb:188:in `dispatch'
actionpack (7.0.4.3) lib/action_controller/metal.rb:251:in `dispatch'
actionpack (7.0.4.3) lib/action_dispatch/routing/route_set.rb:49:in `dispatch'
actionpack (7.0.4.3) lib/action_dispatch/routing/route_set.rb:32:in `serve'
actionpack (7.0.4.3) lib/action_dispatch/journey/router.rb:50:in `block in serve'
actionpack (7.0.4.3) lib/action_dispatch/journey/router.rb:32:in `each'
actionpack (7.0.4.3) lib/action_dispatch/journey/router.rb:32:in `serve'
actionpack (7.0.4.3) lib/action_dispatch/routing/route_set.rb:852:in `call'
rack (2.2.7) lib/rack/tempfile_reaper.rb:15:in `call'
rack (2.2.7) lib/rack/etag.rb:27:in `call'
rack (2.2.7) lib/rack/conditional_get.rb:27:in `call'
rack (2.2.7) lib/rack/head.rb:12:in `call'
actionpack (7.0.4.3) lib/action_dispatch/http/permissions_policy.rb:38:in `call'
actionpack (7.0.4.3) lib/action_dispatch/http/content_security_policy.rb:36:in `call'
rack (2.2.7) lib/rack/session/abstract/id.rb:266:in `context'
rack (2.2.7) lib/rack/session/abstract/id.rb:260:in `call'
actionpack (7.0.4.3) lib/action_dispatch/middleware/cookies.rb:704:in `call'
activerecord (7.0.4.3) lib/active_record/migration.rb:603:in `call'
actionpack (7.0.4.3) lib/action_dispatch/middleware/callbacks.rb:27:in `block in call'
activesupport (7.0.4.3) lib/active_support/callbacks.rb:99:in `run_callbacks'
actionpack (7.0.4.3) lib/action_dispatch/middleware/callbacks.rb:26:in `call'
actionpack (7.0.4.3) lib/action_dispatch/middleware/executor.rb:14:in `call'
actionpack (7.0.4.3) lib/action_dispatch/middleware/actionable_exceptions.rb:17:in `call'
actionpack (7.0.4.3) lib/action_dispatch/middleware/debug_exceptions.rb:28:in `call'
web-console (4.2.0) lib/web_console/middleware.rb:132:in `call_app'
web-console (4.2.0) lib/web_console/middleware.rb:28:in `block in call'
web-console (4.2.0) lib/web_console/middleware.rb:17:in `catch'
web-console (4.2.0) lib/web_console/middleware.rb:17:in `call'
actionpack (7.0.4.3) lib/action_dispatch/middleware/show_exceptions.rb:26:in `call'
railties (7.0.4.3) lib/rails/rack/logger.rb:40:in `call_app'
railties (7.0.4.3) lib/rails/rack/logger.rb:25:in `block in call'
activesupport (7.0.4.3) lib/active_support/tagged_logging.rb:99:in `block in tagged'
activesupport (7.0.4.3) lib/active_support/tagged_logging.rb:37:in `tagged'
activesupport (7.0.4.3) lib/active_support/tagged_logging.rb:99:in `tagged'
railties (7.0.4.3) lib/rails/rack/logger.rb:25:in `call'
sprockets-rails (3.4.2) lib/sprockets/rails/quiet_assets.rb:13:in `call'
actionpack (7.0.4.3) lib/action_dispatch/middleware/remote_ip.rb:93:in `call'
actionpack (7.0.4.3) lib/action_dispatch/middleware/request_id.rb:26:in `call'
rack (2.2.7) lib/rack/method_override.rb:24:in `call'
rack (2.2.7) lib/rack/runtime.rb:22:in `call'
activesupport (7.0.4.3) lib/active_support/cache/strategy/local_cache_middleware.rb:29:in `call'
actionpack (7.0.4.3) lib/action_dispatch/middleware/server_timing.rb:61:in `block in call'
actionpack (7.0.4.3) lib/action_dispatch/middleware/server_timing.rb:26:in `collect_events'
actionpack (7.0.4.3) lib/action_dispatch/middleware/server_timing.rb:60:in `call'
actionpack (7.0.4.3) lib/action_dispatch/middleware/executor.rb:14:in `call'
actionpack (7.0.4.3) lib/action_dispatch/middleware/static.rb:23:in `call'
rack (2.2.7) lib/rack/sendfile.rb:110:in `call'
actionpack (7.0.4.3) lib/action_dispatch/middleware/host_authorization.rb:137:in `call'
railties (7.0.4.3) lib/rails/engine.rb:530:in `call'
puma (5.6.5) lib/puma/configuration.rb:252:in `call'
puma (5.6.5) lib/puma/request.rb:77:in `block in handle_request'
puma (5.6.5) lib/puma/thread_pool.rb:340:in `with_force_shutdown'
puma (5.6.5) lib/puma/request.rb:76:in `handle_request'
puma (5.6.5) lib/puma/server.rb:443:in `process_client'
puma (5.6.5) lib/puma/thread_pool.rb:147:in `block in spawn_thread'
Started GET "/team" for ::1 at 2023-05-08 20:47:18 +0200
  
AbstractController::ActionNotFound (The action 'team' could not be found for TeamController):
  
actionpack (7.0.4.3) lib/abstract_controller/base.rb:146:in `process'
actionview (7.0.4.3) lib/action_view/rendering.rb:39:in `process'
actionpack (7.0.4.3) lib/action_controller/metal.rb:188:in `dispatch'
actionpack (7.0.4.3) lib/action_controller/metal.rb:251:in `dispatch'
actionpack (7.0.4.3) lib/action_dispatch/routing/route_set.rb:49:in `dispatch'
actionpack (7.0.4.3) lib/action_dispatch/routing/route_set.rb:32:in `serve'
actionpack (7.0.4.3) lib/action_dispatch/journey/router.rb:50:in `block in serve'
actionpack (7.0.4.3) lib/action_dispatch/journey/router.rb:32:in `each'
actionpack (7.0.4.3) lib/action_dispatch/journey/router.rb:32:in `serve'
actionpack (7.0.4.3) lib/action_dispatch/routing/route_set.rb:852:in `call'
rack (2.2.7) lib/rack/tempfile_reaper.rb:15:in `call'
rack (2.2.7) lib/rack/etag.rb:27:in `call'
rack (2.2.7) lib/rack/conditional_get.rb:27:in `call'
rack (2.2.7) lib/rack/head.rb:12:in `call'
actionpack (7.0.4.3) lib/action_dispatch/http/permissions_policy.rb:38:in `call'
actionpack (7.0.4.3) lib/action_dispatch/http/content_security_policy.rb:36:in `call'
rack (2.2.7) lib/rack/session/abstract/id.rb:266:in `context'
rack (2.2.7) lib/rack/session/abstract/id.rb:260:in `call'
actionpack (7.0.4.3) lib/action_dispatch/middleware/cookies.rb:704:in `call'
activerecord (7.0.4.3) lib/active_record/migration.rb:603:in `call'
actionpack (7.0.4.3) lib/action_dispatch/middleware/callbacks.rb:27:in `block in call'
activesupport (7.0.4.3) lib/active_support/callbacks.rb:99:in `run_callbacks'
actionpack (7.0.4.3) lib/action_dispatch/middleware/callbacks.rb:26:in `call'
actionpack (7.0.4.3) lib/action_dispatch/middleware/executor.rb:14:in `call'
actionpack (7.0.4.3) lib/action_dispatch/middleware/actionable_exceptions.rb:17:in `call'
actionpack (7.0.4.3) lib/action_dispatch/middleware/debug_exceptions.rb:28:in `call'
web-console (4.2.0) lib/web_console/middleware.rb:132:in `call_app'
web-console (4.2.0) lib/web_console/middleware.rb:28:in `block in call'
web-console (4.2.0) lib/web_console/middleware.rb:17:in `catch'
web-console (4.2.0) lib/web_console/middleware.rb:17:in `call'
actionpack (7.0.4.3) lib/action_dispatch/middleware/show_exceptions.rb:26:in `call'
railties (7.0.4.3) lib/rails/rack/logger.rb:40:in `call_app'
railties (7.0.4.3) lib/rails/rack/logger.rb:25:in `block in call'
activesupport (7.0.4.3) lib/active_support/tagged_logging.rb:99:in `block in tagged'
activesupport (7.0.4.3) lib/active_support/tagged_logging.rb:37:in `tagged'
activesupport (7.0.4.3) lib/active_support/tagged_logging.rb:99:in `tagged'
railties (7.0.4.3) lib/rails/rack/logger.rb:25:in `call'
sprockets-rails (3.4.2) lib/sprockets/rails/quiet_assets.rb:13:in `call'
actionpack (7.0.4.3) lib/action_dispatch/middleware/remote_ip.rb:93:in `call'
actionpack (7.0.4.3) lib/action_dispatch/middleware/request_id.rb:26:in `call'
rack (2.2.7) lib/rack/method_override.rb:24:in `call'
rack (2.2.7) lib/rack/runtime.rb:22:in `call'
activesupport (7.0.4.3) lib/active_support/cache/strategy/local_cache_middleware.rb:29:in `call'
actionpack (7.0.4.3) lib/action_dispatch/middleware/server_timing.rb:61:in `block in call'
actionpack (7.0.4.3) lib/action_dispatch/middleware/server_timing.rb:26:in `collect_events'
actionpack (7.0.4.3) lib/action_dispatch/middleware/server_timing.rb:60:in `call'
actionpack (7.0.4.3) lib/action_dispatch/middleware/executor.rb:14:in `call'
actionpack (7.0.4.3) lib/action_dispatch/middleware/static.rb:23:in `call'
rack (2.2.7) lib/rack/sendfile.rb:110:in `call'
actionpack (7.0.4.3) lib/action_dispatch/middleware/host_authorization.rb:137:in `call'
railties (7.0.4.3) lib/rails/engine.rb:530:in `call'
puma (5.6.5) lib/puma/configuration.rb:252:in `call'
puma (5.6.5) lib/puma/request.rb:77:in `block in handle_request'
puma (5.6.5) lib/puma/thread_pool.rb:340:in `with_force_shutdown'
puma (5.6.5) lib/puma/request.rb:76:in `handle_request'
puma (5.6.5) lib/puma/server.rb:443:in `process_client'
puma (5.6.5) lib/puma/thread_pool.rb:147:in `block in spawn_thread'
Started GET "/team" for ::1 at 2023-05-08 20:47:21 +0200
  
AbstractController::ActionNotFound (The action 'team' could not be found for TeamController):
  
actionpack (7.0.4.3) lib/abstract_controller/base.rb:146:in `process'
actionview (7.0.4.3) lib/action_view/rendering.rb:39:in `process'
actionpack (7.0.4.3) lib/action_controller/metal.rb:188:in `dispatch'
actionpack (7.0.4.3) lib/action_controller/metal.rb:251:in `dispatch'
actionpack (7.0.4.3) lib/action_dispatch/routing/route_set.rb:49:in `dispatch'
actionpack (7.0.4.3) lib/action_dispatch/routing/route_set.rb:32:in `serve'
actionpack (7.0.4.3) lib/action_dispatch/journey/router.rb:50:in `block in serve'
actionpack (7.0.4.3) lib/action_dispatch/journey/router.rb:32:in `each'
actionpack (7.0.4.3) lib/action_dispatch/journey/router.rb:32:in `serve'
actionpack (7.0.4.3) lib/action_dispatch/routing/route_set.rb:852:in `call'
rack (2.2.7) lib/rack/tempfile_reaper.rb:15:in `call'
rack (2.2.7) lib/rack/etag.rb:27:in `call'
rack (2.2.7) lib/rack/conditional_get.rb:27:in `call'
rack (2.2.7) lib/rack/head.rb:12:in `call'
actionpack (7.0.4.3) lib/action_dispatch/http/permissions_policy.rb:38:in `call'
actionpack (7.0.4.3) lib/action_dispatch/http/content_security_policy.rb:36:in `call'
rack (2.2.7) lib/rack/session/abstract/id.rb:266:in `context'
rack (2.2.7) lib/rack/session/abstract/id.rb:260:in `call'
actionpack (7.0.4.3) lib/action_dispatch/middleware/cookies.rb:704:in `call'
activerecord (7.0.4.3) lib/active_record/migration.rb:603:in `call'
actionpack (7.0.4.3) lib/action_dispatch/middleware/callbacks.rb:27:in `block in call'
activesupport (7.0.4.3) lib/active_support/callbacks.rb:99:in `run_callbacks'
actionpack (7.0.4.3) lib/action_dispatch/middleware/callbacks.rb:26:in `call'
actionpack (7.0.4.3) lib/action_dispatch/middleware/executor.rb:14:in `call'
actionpack (7.0.4.3) lib/action_dispatch/middleware/actionable_exceptions.rb:17:in `call'
actionpack (7.0.4.3) lib/action_dispatch/middleware/debug_exceptions.rb:28:in `call'
web-console (4.2.0) lib/web_console/middleware.rb:132:in `call_app'
web-console (4.2.0) lib/web_console/middleware.rb:28:in `block in call'
web-console (4.2.0) lib/web_console/middleware.rb:17:in `catch'
web-console (4.2.0) lib/web_console/middleware.rb:17:in `call'
actionpack (7.0.4.3) lib/action_dispatch/middleware/show_exceptions.rb:26:in `call'
railties (7.0.4.3) lib/rails/rack/logger.rb:40:in `call_app'
railties (7.0.4.3) lib/rails/rack/logger.rb:25:in `block in call'
activesupport (7.0.4.3) lib/active_support/tagged_logging.rb:99:in `block in tagged'
activesupport (7.0.4.3) lib/active_support/tagged_logging.rb:37:in `tagged'
activesupport (7.0.4.3) lib/active_support/tagged_logging.rb:99:in `tagged'
railties (7.0.4.3) lib/rails/rack/logger.rb:25:in `call'
sprockets-rails (3.4.2) lib/sprockets/rails/quiet_assets.rb:13:in `call'
actionpack (7.0.4.3) lib/action_dispatch/middleware/remote_ip.rb:93:in `call'
actionpack (7.0.4.3) lib/action_dispatch/middleware/request_id.rb:26:in `call'
rack (2.2.7) lib/rack/method_override.rb:24:in `call'
rack (2.2.7) lib/rack/runtime.rb:22:in `call'
activesupport (7.0.4.3) lib/active_support/cache/strategy/local_cache_middleware.rb:29:in `call'
actionpack (7.0.4.3) lib/action_dispatch/middleware/server_timing.rb:61:in `block in call'
actionpack (7.0.4.3) lib/action_dispatch/middleware/server_timing.rb:26:in `collect_events'
actionpack (7.0.4.3) lib/action_dispatch/middleware/server_timing.rb:60:in `call'
actionpack (7.0.4.3) lib/action_dispatch/middleware/executor.rb:14:in `call'
actionpack (7.0.4.3) lib/action_dispatch/middleware/static.rb:23:in `call'
rack (2.2.7) lib/rack/sendfile.rb:110:in `call'
actionpack (7.0.4.3) lib/action_dispatch/middleware/host_authorization.rb:137:in `call'
railties (7.0.4.3) lib/rails/engine.rb:530:in `call'
puma (5.6.5) lib/puma/configuration.rb:252:in `call'
puma (5.6.5) lib/puma/request.rb:77:in `block in handle_request'
puma (5.6.5) lib/puma/thread_pool.rb:340:in `with_force_shutdown'
puma (5.6.5) lib/puma/request.rb:76:in `handle_request'
puma (5.6.5) lib/puma/server.rb:443:in `process_client'
puma (5.6.5) lib/puma/thread_pool.rb:147:in `block in spawn_thread'
Started GET "/team" for ::1 at 2023-05-08 20:47:23 +0200
  
AbstractController::ActionNotFound (The action 'team' could not be found for TeamController):
  
actionpack (7.0.4.3) lib/abstract_controller/base.rb:146:in `process'
actionview (7.0.4.3) lib/action_view/rendering.rb:39:in `process'
actionpack (7.0.4.3) lib/action_controller/metal.rb:188:in `dispatch'
actionpack (7.0.4.3) lib/action_controller/metal.rb:251:in `dispatch'
actionpack (7.0.4.3) lib/action_dispatch/routing/route_set.rb:49:in `dispatch'
actionpack (7.0.4.3) lib/action_dispatch/routing/route_set.rb:32:in `serve'
actionpack (7.0.4.3) lib/action_dispatch/journey/router.rb:50:in `block in serve'
actionpack (7.0.4.3) lib/action_dispatch/journey/router.rb:32:in `each'
actionpack (7.0.4.3) lib/action_dispatch/journey/router.rb:32:in `serve'
actionpack (7.0.4.3) lib/action_dispatch/routing/route_set.rb:852:in `call'
rack (2.2.7) lib/rack/tempfile_reaper.rb:15:in `call'
rack (2.2.7) lib/rack/etag.rb:27:in `call'
rack (2.2.7) lib/rack/conditional_get.rb:27:in `call'
rack (2.2.7) lib/rack/head.rb:12:in `call'
actionpack (7.0.4.3) lib/action_dispatch/http/permissions_policy.rb:38:in `call'
actionpack (7.0.4.3) lib/action_dispatch/http/content_security_policy.rb:36:in `call'
rack (2.2.7) lib/rack/session/abstract/id.rb:266:in `context'
rack (2.2.7) lib/rack/session/abstract/id.rb:260:in `call'
actionpack (7.0.4.3) lib/action_dispatch/middleware/cookies.rb:704:in `call'
activerecord (7.0.4.3) lib/active_record/migration.rb:603:in `call'
actionpack (7.0.4.3) lib/action_dispatch/middleware/callbacks.rb:27:in `block in call'
activesupport (7.0.4.3) lib/active_support/callbacks.rb:99:in `run_callbacks'
actionpack (7.0.4.3) lib/action_dispatch/middleware/callbacks.rb:26:in `call'
actionpack (7.0.4.3) lib/action_dispatch/middleware/executor.rb:14:in `call'
actionpack (7.0.4.3) lib/action_dispatch/middleware/actionable_exceptions.rb:17:in `call'
actionpack (7.0.4.3) lib/action_dispatch/middleware/debug_exceptions.rb:28:in `call'
web-console (4.2.0) lib/web_console/middleware.rb:132:in `call_app'
web-console (4.2.0) lib/web_console/middleware.rb:28:in `block in call'
web-console (4.2.0) lib/web_console/middleware.rb:17:in `catch'
web-console (4.2.0) lib/web_console/middleware.rb:17:in `call'
actionpack (7.0.4.3) lib/action_dispatch/middleware/show_exceptions.rb:26:in `call'
railties (7.0.4.3) lib/rails/rack/logger.rb:40:in `call_app'
railties (7.0.4.3) lib/rails/rack/logger.rb:25:in `block in call'
activesupport (7.0.4.3) lib/active_support/tagged_logging.rb:99:in `block in tagged'
activesupport (7.0.4.3) lib/active_support/tagged_logging.rb:37:in `tagged'
activesupport (7.0.4.3) lib/active_support/tagged_logging.rb:99:in `tagged'
railties (7.0.4.3) lib/rails/rack/logger.rb:25:in `call'
sprockets-rails (3.4.2) lib/sprockets/rails/quiet_assets.rb:13:in `call'
actionpack (7.0.4.3) lib/action_dispatch/middleware/remote_ip.rb:93:in `call'
actionpack (7.0.4.3) lib/action_dispatch/middleware/request_id.rb:26:in `call'
rack (2.2.7) lib/rack/method_override.rb:24:in `call'
rack (2.2.7) lib/rack/runtime.rb:22:in `call'
activesupport (7.0.4.3) lib/active_support/cache/strategy/local_cache_middleware.rb:29:in `call'
actionpack (7.0.4.3) lib/action_dispatch/middleware/server_timing.rb:61:in `block in call'
actionpack (7.0.4.3) lib/action_dispatch/middleware/server_timing.rb:26:in `collect_events'
actionpack (7.0.4.3) lib/action_dispatch/middleware/server_timing.rb:60:in `call'
actionpack (7.0.4.3) lib/action_dispatch/middleware/executor.rb:14:in `call'
actionpack (7.0.4.3) lib/action_dispatch/middleware/static.rb:23:in `call'
rack (2.2.7) lib/rack/sendfile.rb:110:in `call'
actionpack (7.0.4.3) lib/action_dispatch/middleware/host_authorization.rb:137:in `call'
railties (7.0.4.3) lib/rails/engine.rb:530:in `call'
puma (5.6.5) lib/puma/configuration.rb:252:in `call'
puma (5.6.5) lib/puma/request.rb:77:in `block in handle_request'
puma (5.6.5) lib/puma/thread_pool.rb:340:in `with_force_shutdown'
puma (5.6.5) lib/puma/request.rb:76:in `handle_request'
puma (5.6.5) lib/puma/server.rb:443:in `process_client'
puma (5.6.5) lib/puma/thread_pool.rb:147:in `block in spawn_thread'
